<?xml version="1.0" encoding="UTF-8"?>
<!-- Generated by org.testng.reporters.JUnitReportReporter -->
<testsuite hostname="MahadiShanto" failures="0" tests="1" name="com.ostad.AppTest" time="5.455" errors="0" timestamp="2025-05-15T13:01:19 BDT" skipped="0">
  <testcase classname="com.ostad.AppTest" name="testMethod" time="5.455"/>
</testsuite> <!-- com.ostad.AppTest -->
